<?xml version="1.0" encoding="UTF-8"?>
<!-- Generated by org.testng.reporters.JUnitReportReporter -->
<testsuite hostname="LAPTOP-F0LCQNDP" failures="0" tests="4" name="Test.Runnerclass" time="43.167" errors="0" timestamp="2024-09-22T23:02:54 IST" skipped="0">
  <testcase classname="Test.Runnerclass" name="runScenario" time="24.303"/>
  <system-out/>
  <testcase classname="Test.Runnerclass" name="runScenario" time="6.023"/>
  <system-out/>
  <testcase classname="Test.Runnerclass" name="runScenario" time="8.144"/>
  <system-out/>
  <testcase classname="Test.Runnerclass" name="runScenario" time="4.697"/>
  <system-out/>
</testsuite> <!-- Test.Runnerclass -->
